<?xml version="1.0" encoding="UTF-8"?>
<testsuite name="runners.GoogleRunner" tests="1" skipped="0" failures="0" errors="0" timestamp="2024-02-28T17:34:03" hostname="CO-ITBCP024456.local" time="3.862">
  <properties/>
  <testcase name="Example #1.1" classname="runners.GoogleRunner" time="3.862"/>
  <system-out><![CDATA[]]></system-out>
  <system-err><![CDATA[]]></system-err>
</testsuite>
