<?xml version="1.0" encoding="UTF-8"?>
<testsuite name="Consulta en google" tests="1" skipped="0" failures="0" errors="0" timestamp="2021-09-10T18:44:41" hostname="3RO-PQVIS467RZM" time="6.293">
  <properties/>
  <testcase name="Realizar búsqueda" classname="Consulta en google" time="6.293"/>
  <system-out><![CDATA[]]></system-out>
  <system-err><![CDATA[Starting ChromeDriver 89.0.4389.23 (61b08ee2c50024bab004e48d2b1b083cdbdac579-refs/branch-heads/4389@{#294}) on port 26297
Only local connections are allowed.
Please see https://chromedriver.chromium.org/security-considerations for suggestions on keeping ChromeDriver safe.
ChromeDriver was started successfully.
sep 10, 2021 1:44:43 PM org.openqa.selenium.remote.ProtocolHandshake createSession
INFORMACIÓN: Detected dialect: W3C
]]></system-err>
</testsuite>
